0 info it worked if it ends with ok
1 verbose cli [ 'node', '/usr/local/bin/npm', 'install', '-g', 'yo' ]
2 info using npm@2.4.1
3 info using node@v0.10.15
4 silly cache add args [ 'yo', null ]
5 verbose cache add spec yo
6 silly cache add parsed spec { raw: 'yo',
6 silly cache add   scope: null,
6 silly cache add   name: 'yo',
6 silly cache add   rawSpec: '',
6 silly cache add   spec: '*',
6 silly cache add   type: 'range' }
7 verbose addNamed yo@*
8 silly addNamed semver.valid null
9 silly addNamed semver.validRange *
10 silly addNameRange { name: 'yo', range: '*', hasData: false }
11 silly mapToRegistry name yo
12 silly mapToRegistry using default registry
13 silly mapToRegistry registry https://registry.npmjs.org/
14 silly mapToRegistry uri https://registry.npmjs.org/yo
15 verbose addNameRange registry:https://registry.npmjs.org/yo not in flight; fetching
16 verbose request uri https://registry.npmjs.org/yo
17 verbose request no auth needed
18 info attempt registry request try #1 at 03:44:38
19 verbose request id 62acafa47cb5f7f8
20 verbose etag "6TD0S7ZSA1CY96LSXHAPZQU1D"
21 http request GET https://registry.npmjs.org/yo
22 http 304 https://registry.npmjs.org/yo
23 silly get cb [ 304,
23 silly get   { date: 'Sun, 15 Mar 2015 18:44:38 GMT',
23 silly get     server: 'Apache',
23 silly get     via: '1.1 varnish',
23 silly get     'last-modified': 'Sun, 15 Mar 2015 18:44:38 GMT',
23 silly get     'cache-control': 'max-age=60',
23 silly get     etag: '"6TD0S7ZSA1CY96LSXHAPZQU1D"',
23 silly get     age: '0',
23 silly get     'x-served-by': 'cache-nrt6129-NRT',
23 silly get     'x-cache': 'HIT',
23 silly get     'x-cache-hits': '1',
23 silly get     'x-timer': 'S1426445078.579849,VS0,VE106',
23 silly get     vary: 'Accept',
23 silly get     'content-length': '0',
23 silly get     'keep-alive': 'timeout=10, max=50',
23 silly get     connection: 'Keep-Alive' } ]
24 verbose etag https://registry.npmjs.org/yo from cache
25 verbose get saving yo to /Users/nesys/.npm/registry.npmjs.org/yo/.cache.json
26 silly addNameRange number 2 { name: 'yo', range: '*', hasData: true }
27 silly addNameRange versions [ 'yo',
27 silly addNameRange   [ '1.1.0',
27 silly addNameRange     '1.1.1',
27 silly addNameRange     '1.1.2',
27 silly addNameRange     '1.2.0',
27 silly addNameRange     '1.2.1',
27 silly addNameRange     '1.3.0',
27 silly addNameRange     '1.3.2',
27 silly addNameRange     '1.3.3',
27 silly addNameRange     '1.4.1',
27 silly addNameRange     '1.4.2',
27 silly addNameRange     '1.4.4',
27 silly addNameRange     '1.4.5',
27 silly addNameRange     '1.4.6' ] ]
28 verbose addNamed yo@1.4.6
29 silly addNamed semver.valid 1.4.6
30 silly addNamed semver.validRange 1.4.6
31 silly cache afterAdd yo@1.4.6
32 verbose afterAdd /Users/nesys/.npm/yo/1.4.6/package/package.json not in flight; writing
33 verbose afterAdd /Users/nesys/.npm/yo/1.4.6/package/package.json written
34 silly install resolved [ { name: 'yo',
34 silly install resolved     version: '1.4.6',
34 silly install resolved     description: 'CLI tool for running Yeoman generators',
34 silly install resolved     license: 'BSD',
34 silly install resolved     bin: { yo: 'lib/cli.js' },
34 silly install resolved     author: { name: 'Yeoman team' },
34 silly install resolved     repository: { type: 'git', url: 'https://github.com/yeoman/yo' },
34 silly install resolved     engines: { node: '>=0.10.0', npm: '>=2.1.0' },
34 silly install resolved     scripts:
34 silly install resolved      { test: 'jshint . && mocha test/**/*.js',
34 silly install resolved        postinstall: 'yodoctor',
34 silly install resolved        postupdate: 'yodoctor',
34 silly install resolved        prepublish: 'nsp audit-package' },
34 silly install resolved     files: [ 'lib' ],
34 silly install resolved     keywords:
34 silly install resolved      [ 'cli-app',
34 silly install resolved        'cli',
34 silly install resolved        'bin',
34 silly install resolved        'front-end',
34 silly install resolved        'development',
34 silly install resolved        'dev',
34 silly install resolved        'build',
34 silly install resolved        'web',
34 silly install resolved        'tool',
34 silly install resolved        'scaffold',
34 silly install resolved        'stack',
34 silly install resolved        'yeoman',
34 silly install resolved        'generator',
34 silly install resolved        'generate',
34 silly install resolved        'app',
34 silly install resolved        'boilerplate' ],
34 silly install resolved     dependencies:
34 silly install resolved      { 'array-uniq': '^1.0.2',
34 silly install resolved        async: '^0.9.0',
34 silly install resolved        chalk: '^1.0.0',
34 silly install resolved        configstore: '^0.3.1',
34 silly install resolved        'cross-spawn': '^0.2.3',
34 silly install resolved        figures: '^1.3.5',
34 silly install resolved        findup: '^0.1.5',
34 silly install resolved        fullname: '^1.0.0',
34 silly install resolved        got: '^2.4.0',
34 silly install resolved        'humanize-string': '^1.0.0',
34 silly install resolved        inquirer: '^0.8.0',
34 silly install resolved        insight: '^0.5.0',
34 silly install resolved        lodash: '^3.2.0',
34 silly install resolved        meow: '^3.0.0',
34 silly install resolved        'npm-keyword': '^1.1.1',
34 silly install resolved        opn: '^1.0.0',
34 silly install resolved        'package-json': '^1.1.0',
34 silly install resolved        'root-check': '^1.0.0',
34 silly install resolved        'sort-on': '^1.0.0',
34 silly install resolved        'string-length': '^1.0.0',
34 silly install resolved        titleize: '^1.0.0',
34 silly install resolved        'update-notifier': '^0.3.0',
34 silly install resolved        'user-home': '^1.1.0',
34 silly install resolved        'yeoman-character': '^1.0.0',
34 silly install resolved        'yeoman-doctor': '^1.0.0',
34 silly install resolved        'yeoman-environment': '^1.0.1',
34 silly install resolved        yosay: '^1.0.0' },
34 silly install resolved     devDependencies:
34 silly install resolved      { jshint: '^2.5.11',
34 silly install resolved        mocha: '^2.1.0',
34 silly install resolved        mockery: '^1.4.0',
34 silly install resolved        nock: '^0.59.1',
34 silly install resolved        nsp: '*',
34 silly install resolved        proxyquire: '^1.0.1',
34 silly install resolved        'registry-url': '^3.0.0',
34 silly install resolved        sinon: '^1.12.1' },
34 silly install resolved     preferGlobal: true,
34 silly install resolved     gitHead: '987fe12a608e7b6318c2563a6140583e796d9db5',
34 silly install resolved     bugs: { url: 'https://github.com/yeoman/yo/issues' },
34 silly install resolved     homepage: 'https://github.com/yeoman/yo',
34 silly install resolved     _id: 'yo@1.4.6',
34 silly install resolved     _shasum: '16e03e9af7be4805ef6142cdbb1d15f33504b37b',
34 silly install resolved     _from: 'yo@*',
34 silly install resolved     _npmVersion: '1.4.28',
34 silly install resolved     _npmUser: { name: 'sindresorhus', email: 'sindresorhus@gmail.com' },
34 silly install resolved     maintainers: [ [Object], [Object], [Object], [Object], [Object], [Object] ],
34 silly install resolved     dist:
34 silly install resolved      { shasum: '16e03e9af7be4805ef6142cdbb1d15f33504b37b',
34 silly install resolved        tarball: 'http://registry.npmjs.org/yo/-/yo-1.4.6.tgz' },
34 silly install resolved     directories: {},
34 silly install resolved     _resolved: 'https://registry.npmjs.org/yo/-/yo-1.4.6.tgz',
34 silly install resolved     readme: 'ERROR: No README data found!' } ]
35 info install yo@1.4.6 into /usr/local/lib
36 info installOne yo@1.4.6
37 verbose installOne of yo to /usr/local/lib not in flight; installing
38 verbose lock using /Users/nesys/.npm/_locks/yo-c80abb7e04f27e35.lock for /usr/local/lib/node_modules/yo
39 silly install write writing yo 1.4.6 to /usr/local/lib/node_modules/yo
40 silly cache addNamed cb yo@1.4.6
41 verbose unbuild lib/node_modules/yo
42 info preuninstall yo@1.4.6
43 info uninstall yo@1.4.6
44 verbose unbuild rmStuff yo@1.4.6 from /usr/local/lib/node_modules
45 verbose gentlyRm verifying that /usr/local is managed by npm
46 silly isManaged /usr/local is not inside /usr/local/lib/node_modules
47 silly isManaged /usr/local is not inside /usr/local/lib/node_modules
48 silly isManaged /usr/local/bin is inside /usr/local
49 silly gentlyRm /usr/local is managed by npm
50 silly gentlyRm /usr/local/bin/yo is under /usr/local
51 verbose gentlyRm vacuuming /usr/local/bin/yo up to /usr/local
52 silly gentlyRm removing /usr/local/bin/yo
53 silly gentlyRm quitting because other entries in /usr/local/bin
54 info postuninstall yo@1.4.6
55 verbose gentlyRm vacuuming /usr/local/lib/node_modules/yo
56 silly gentlyRm purging /usr/local/lib/node_modules/yo
57 verbose unlock done using /Users/nesys/.npm/_locks/yo-c80abb7e04f27e35.lock for /usr/local/lib/node_modules/yo
58 verbose stack Error: EACCES, unlink '/usr/local/lib/node_modules/yo/lib'
59 verbose cwd /Users/nesys/Local Projects/worktable
60 error Darwin 14.1.0
61 error argv "node" "/usr/local/bin/npm" "install" "-g" "yo"
62 error node v0.10.15
63 error npm  v2.4.1
64 error path /usr/local/lib/node_modules/yo/lib
65 error code EACCES
66 error errno 3
67 error Error: EACCES, unlink '/usr/local/lib/node_modules/yo/lib'
67 error  { [Error: EACCES, unlink '/usr/local/lib/node_modules/yo/lib']
67 error   errno: 3,
67 error   code: 'EACCES',
67 error   path: '/usr/local/lib/node_modules/yo/lib' }
68 error Please try running this command again as root/Administrator.
69 verbose exit [ 3, true ]
70 verbose unbuild lib/node_modules/yo
71 info preuninstall yo@1.4.6
72 info uninstall yo@1.4.6
73 verbose unbuild rmStuff yo@1.4.6 from /usr/local/lib/node_modules
74 verbose gentlyRm verifying that /usr/local is managed by npm
75 silly isManaged /usr/local is not inside /usr/local/lib/node_modules
76 silly isManaged /usr/local is not inside /usr/local/lib/node_modules
77 silly isManaged /usr/local is not inside /usr/local/bin
78 silly isManaged /usr/local is inside /usr/local
79 silly gentlyRm /usr/local is managed by npm
80 silly gentlyRm /usr/local/bin/yo is under /usr/local
81 verbose gentlyRm vacuuming /usr/local/bin/yo up to /usr/local
82 info postuninstall yo@1.4.6
83 verbose gentlyRm vacuuming /usr/local/lib/node_modules/yo
84 silly gentlyRm purging /usr/local/lib/node_modules/yo
85 error error rolling back Error: EACCES, unlink '/usr/local/lib/node_modules/yo/lib'
85 error error rolling back  { [Error: EACCES, unlink '/usr/local/lib/node_modules/yo/lib']
85 error error rolling back   errno: 3,
85 error error rolling back   code: 'EACCES',
85 error error rolling back   path: '/usr/local/lib/node_modules/yo/lib' }
